[INFO] Scanning for projects...
[INFO] 
[INFO] ---------------------------< com.mrbt:orbit >---------------------------
[INFO] Building orbit 0.0.1-SNAPSHOT
[INFO]   from pom.xml
[INFO] --------------------------------[ jar ]---------------------------------
[INFO] 
[INFO] >>> spring-boot:4.0.3:run (default-cli) > test-compile @ orbit >>>
[INFO] 
[INFO] --- jacoco:0.8.14:prepare-agent (default) @ orbit ---
[INFO] argLine set to -javaagent:/Users/mrbt/.m2/repository/org/jacoco/org.jacoco.agent/0.8.14/org.jacoco.agent-0.8.14-runtime.jar=destfile=/Users/mrbt/Desktop/repository/orbit/target/jacoco.exec
[INFO] 
[INFO] --- resources:3.3.1:resources (default-resources) @ orbit ---
[INFO] Copying 1 resource from src/main/resources to target/classes
[INFO] Copying 0 resource from src/main/resources to target/classes
[INFO] 
[INFO] --- compiler:3.14.1:compile (default-compile) @ orbit ---
[INFO] Nothing to compile - all classes are up to date.
[INFO] 
[INFO] --- spotless:3.3.0:check (default) @ orbit ---
[INFO] Spotless.Java is keeping 99 files clean - 0 needs changes to be clean, 0 were already clean, 99 were skipped because caching determined they were already clean
[INFO] 
[INFO] --- resources:3.3.1:testResources (default-testResources) @ orbit ---
[INFO] Copying 1 resource from src/test/resources to target/test-classes
[INFO] 
[INFO] --- compiler:3.14.1:testCompile (default-testCompile) @ orbit ---
[INFO] Nothing to compile - all classes are up to date.
[INFO] 
[INFO] <<< spring-boot:4.0.3:run (default-cli) < test-compile @ orbit <<<
[INFO] 
[INFO] 
[INFO] --- spring-boot:4.0.3:run (default-cli) @ orbit ---
[INFO] Attaching agents: []

  .   ____          _            __ _ _
 /\\ / ___'_ __ _ _(_)_ __  __ _ \ \ \ \
( ( )\___ | '_ | '_| | '_ \/ _` | \ \ \ \
 \\/  ___)| |_)| | | | | || (_| |  ) ) ) )
  '  |____| .__|_| |_|_| |_\__, | / / / /
 =========|_|==============|___/=/_/_/_/

 :: Spring Boot ::                (v4.0.3)

2026-03-15T18:34:18.076+07:00  INFO 74636 --- [orbit] [  restartedMain] com.mrbt.orbit.OrbitApplication          : Starting OrbitApplication using Java 25.0.1 with PID 74636 (/Users/mrbt/Desktop/repository/orbit/target/classes started by mrbt in /Users/mrbt/Desktop/repository/orbit)
2026-03-15T18:34:18.078+07:00  INFO 74636 --- [orbit] [  restartedMain] com.mrbt.orbit.OrbitApplication          : No active profile set, falling back to 1 default profile: "default"
2026-03-15T18:34:18.131+07:00  INFO 74636 --- [orbit] [  restartedMain] .e.DevToolsPropertyDefaultsPostProcessor : Devtools property defaults active! Set 'spring.devtools.add-properties' to 'false' to disable
2026-03-15T18:34:18.131+07:00  INFO 74636 --- [orbit] [  restartedMain] .e.DevToolsPropertyDefaultsPostProcessor : For additional web related logging consider setting the 'logging.level.web' property to 'DEBUG'
2026-03-15T18:34:18.156+07:00  INFO 74636 --- [orbit] [  restartedMain] .s.b.d.c.l.DockerComposeLifecycleManager : Using Docker Compose file /Users/mrbt/Desktop/repository/orbit/compose.yaml
2026-03-15T18:34:18.867+07:00  INFO 74636 --- [orbit] [  restartedMain] .s.b.d.c.l.DockerComposeLifecycleManager : There are already Docker Compose services running, skipping startup
2026-03-15T18:34:19.849+07:00  INFO 74636 --- [orbit] [  restartedMain] .s.d.r.c.RepositoryConfigurationDelegate : Bootstrapping Spring Data JPA repositories in DEFAULT mode.
2026-03-15T18:34:19.937+07:00  INFO 74636 --- [orbit] [  restartedMain] .s.d.r.c.RepositoryConfigurationDelegate : Finished Spring Data repository scanning in 80 ms. Found 21 JPA repository interfaces.
2026-03-15T18:34:20.611+07:00  INFO 74636 --- [orbit] [  restartedMain] o.s.boot.tomcat.TomcatWebServer          : Tomcat initialized with port 8080 (http)
2026-03-15T18:34:20.622+07:00  INFO 74636 --- [orbit] [  restartedMain] o.apache.catalina.core.StandardService   : Starting service [Tomcat]
2026-03-15T18:34:20.622+07:00  INFO 74636 --- [orbit] [  restartedMain] o.apache.catalina.core.StandardEngine    : Starting Servlet engine: [Apache Tomcat/11.0.18]
2026-03-15T18:34:20.653+07:00  INFO 74636 --- [orbit] [  restartedMain] b.w.c.s.WebApplicationContextInitializer : Root WebApplicationContext: initialization completed in 1777 ms
2026-03-15T18:34:20.899+07:00  INFO 74636 --- [orbit] [  restartedMain] org.hibernate.orm.jpa                    : HHH008540: Processing PersistenceUnitInfo [name: default]
2026-03-15T18:34:20.955+07:00  INFO 74636 --- [orbit] [  restartedMain] org.hibernate.orm.core                   : HHH000001: Hibernate ORM core version 7.2.4.Final
2026-03-15T18:34:21.423+07:00  INFO 74636 --- [orbit] [  restartedMain] o.s.o.j.p.SpringPersistenceUnitInfo      : No LoadTimeWeaver setup: ignoring JPA class transformer
2026-03-15T18:34:21.454+07:00  INFO 74636 --- [orbit] [  restartedMain] com.zaxxer.hikari.HikariDataSource       : HikariPool-1 - Starting...
2026-03-15T18:34:21.602+07:00  INFO 74636 --- [orbit] [  restartedMain] com.zaxxer.hikari.pool.HikariPool        : HikariPool-1 - Added connection org.postgresql.jdbc.PgConnection@765a6030
2026-03-15T18:34:21.603+07:00  INFO 74636 --- [orbit] [  restartedMain] com.zaxxer.hikari.HikariDataSource       : HikariPool-1 - Start completed.
2026-03-15T18:34:21.633+07:00  WARN 74636 --- [orbit] [  restartedMain] org.hibernate.orm.deprecation            : HHH90000025: PostgreSQLDialect does not need to be specified explicitly using 'hibernate.dialect' (remove the property setting and it will be selected by default)
2026-03-15T18:34:21.655+07:00  INFO 74636 --- [orbit] [  restartedMain] org.hibernate.orm.connections.pooling    : HHH10001005: Database info:
	Database JDBC URL [jdbc:postgresql://127.0.0.1:5432/finance?ApplicationName=orbit]
	Database driver: PostgreSQL JDBC Driver
	Database dialect: PostgreSQLDialect
	Database version: 18.3
	Default catalog/schema: finance/public
	Autocommit mode: undefined/unknown
	Isolation level: READ_COMMITTED [default READ_COMMITTED]
	JDBC fetch size: none
	Pool: DataSourceConnectionProvider
	Minimum pool size: undefined/unknown
	Maximum pool size: undefined/unknown
2026-03-15T18:34:23.520+07:00  INFO 74636 --- [orbit] [  restartedMain] org.hibernate.orm.core                   : HHH000489: No JTA platform available (set 'hibernate.transaction.jta.platform' to enable JTA platform integration)
2026-03-15T18:34:23.611+07:00  INFO 74636 --- [orbit] [  restartedMain] j.LocalContainerEntityManagerFactoryBean : Initialized JPA EntityManagerFactory for persistence unit 'default'
2026-03-15T18:34:23.692+07:00  INFO 74636 --- [orbit] [  restartedMain] o.s.d.j.r.query.QueryEnhancerFactories   : Hibernate is in classpath; If applicable, HQL parser will be used.
2026-03-15T18:34:24.116+07:00  WARN 74636 --- [orbit] [  restartedMain] JpaBaseConfiguration$JpaWebConfiguration : spring.jpa.open-in-view is enabled by default. Therefore, database queries may be performed during view rendering. Explicitly configure spring.jpa.open-in-view to disable this warning
2026-03-15T18:34:24.194+07:00  WARN 74636 --- [orbit] [  restartedMain] .s.a.UserDetailsServiceAutoConfiguration : 

Using generated security password: f2d923c3-1322-4e4d-8e1d-d8f60c2dd1f0

This generated password is for development use only. Your security configuration must be updated before running your application in production.

2026-03-15T18:34:24.201+07:00  INFO 74636 --- [orbit] [  restartedMain] r$InitializeUserDetailsManagerConfigurer : Global AuthenticationManager configured with UserDetailsService bean with name inMemoryUserDetailsManager
2026-03-15T18:34:25.082+07:00  INFO 74636 --- [orbit] [  restartedMain] o.s.b.a.e.web.EndpointLinksResolver      : Exposing 1 endpoint beneath base path '/actuator'
2026-03-15T18:34:25.167+07:00  INFO 74636 --- [orbit] [  restartedMain] o.s.boot.tomcat.TomcatWebServer          : Tomcat started on port 8080 (http) with context path '/'
2026-03-15T18:34:25.177+07:00  INFO 74636 --- [orbit] [  restartedMain] com.mrbt.orbit.OrbitApplication          : Started OrbitApplication in 7.475 seconds (process running for 7.949)
2026-03-15T18:34:25.248+07:00  WARN 74636 --- [orbit] [  restartedMain] o.s.core.events.SpringDocAppInitializer  : SpringDoc /v3/api-docs endpoint is enabled by default. To disable it in production, set the property 'springdoc.api-docs.enabled=false'
2026-03-15T18:34:25.248+07:00  WARN 74636 --- [orbit] [  restartedMain] o.s.core.events.SpringDocAppInitializer  : SpringDoc /swagger-ui.html endpoint is enabled by default. To disable it in production, set the property 'springdoc.swagger-ui.enabled=false'
2026-03-15T18:34:31.702+07:00  INFO 74636 --- [orbit] [nio-8080-exec-1] o.a.c.c.C.[Tomcat].[localhost].[/]       : Initializing Spring DispatcherServlet 'dispatcherServlet'
2026-03-15T18:34:31.702+07:00  INFO 74636 --- [orbit] [nio-8080-exec-1] o.s.web.servlet.DispatcherServlet        : Initializing Servlet 'dispatcherServlet'
2026-03-15T18:34:31.705+07:00  INFO 74636 --- [orbit] [nio-8080-exec-1] o.s.web.servlet.DispatcherServlet        : Completed initialization in 2 ms
2026-03-15T18:34:32.143+07:00  INFO 74636 --- [orbit] [nio-8080-exec-1] o.springdoc.api.AbstractOpenApiResource  : Init duration for springdoc-openapi is: 368 ms
